<?xml version="1.0" ?>
<coverage version="7.13.4" timestamp="1776868906741" lines-valid="92" lines-covered="91" line-rate="0.9891" branches-valid="18" branches-covered="17" branch-rate="0.9444" complexity="0">
	<!-- Generated by coverage.py: https://coverage.readthedocs.io/en/7.13.4 -->
	<!-- Based on https://raw.githubusercontent.com/cobertura/web/master/htdocs/xml/coverage-04.dtd -->
	<sources>
		<source>D:\UnifyCX Internship\User Story16</source>
	</sources>
	<packages>
		<package name="." line-rate="0.9891" branch-rate="0.9444" complexity="0">
			<classes>
				<class name="booking_engine.py" filename="booking_engine.py" complexity="0" line-rate="0.9891" branch-rate="0.9444">
					<methods/>
					<lines>
						<line number="1" hits="1"/>
						<line number="3" hits="1"/>
						<line number="4" hits="1"/>
						<line number="5" hits="1"/>
						<line number="6" hits="1"/>
						<line number="7" hits="1"/>
						<line number="10" hits="1"/>
						<line number="11" hits="1"/>
						<line number="12" hits="1"/>
						<line number="13" hits="1"/>
						<line number="14" hits="1"/>
						<line number="15" hits="1"/>
						<line number="16" hits="1"/>
						<line number="19" hits="1"/>
						<line number="20" hits="1"/>
						<line number="21" hits="1"/>
						<line number="22" hits="1"/>
						<line number="23" hits="1"/>
						<line number="24" hits="1"/>
						<line number="25" hits="1"/>
						<line number="26" hits="1"/>
						<line number="27" hits="1"/>
						<line number="30" hits="1"/>
						<line number="31" hits="1"/>
						<line number="32" hits="1"/>
						<line number="33" hits="1"/>
						<line number="34" hits="1"/>
						<line number="35" hits="1"/>
						<line number="38" hits="1"/>
						<line number="39" hits="1"/>
						<line number="40" hits="1"/>
						<line number="41" hits="1"/>
						<line number="42" hits="1" branch="true" condition-coverage="100% (2/2)"/>
						<line number="43" hits="1"/>
						<line number="50" hits="1"/>
						<line number="51" hits="1"/>
						<line number="54" hits="1"/>
						<line number="58" hits="1"/>
						<line number="59" hits="1"/>
						<line number="62" hits="1"/>
						<line number="64" hits="1"/>
						<line number="65" hits="1"/>
						<line number="66" hits="1" branch="true" condition-coverage="100% (2/2)"/>
						<line number="67" hits="1"/>
						<line number="68" hits="1"/>
						<line number="69" hits="1"/>
						<line number="70" hits="1"/>
						<line number="72" hits="1"/>
						<line number="73" hits="1"/>
						<line number="74" hits="1"/>
						<line number="75" hits="1"/>
						<line number="86" hits="1"/>
						<line number="88" hits="1" branch="true" condition-coverage="100% (2/2)"/>
						<line number="89" hits="1"/>
						<line number="100" hits="1"/>
						<line number="102" hits="1" branch="true" condition-coverage="100% (2/2)"/>
						<line number="103" hits="1"/>
						<line number="114" hits="1"/>
						<line number="116" hits="1" branch="true" condition-coverage="100% (2/2)"/>
						<line number="117" hits="1"/>
						<line number="128" hits="1"/>
						<line number="130" hits="1" branch="true" condition-coverage="100% (2/2)"/>
						<line number="131" hits="1"/>
						<line number="132" hits="1"/>
						<line number="133" hits="1"/>
						<line number="135" hits="1"/>
						<line number="136" hits="1"/>
						<line number="138" hits="1"/>
						<line number="150" hits="1"/>
						<line number="151" hits="1" branch="true" condition-coverage="100% (2/2)"/>
						<line number="152" hits="1"/>
						<line number="163" hits="1"/>
						<line number="166" hits="1"/>
						<line number="169" hits="1"/>
						<line number="178" hits="1"/>
						<line number="179" hits="1"/>
						<line number="180" hits="1"/>
						<line number="181" hits="1" branch="true" condition-coverage="100% (2/2)"/>
						<line number="182" hits="1"/>
						<line number="195" hits="1"/>
						<line number="196" hits="1"/>
						<line number="204" hits="1"/>
						<line number="205" hits="1"/>
						<line number="206" hits="1"/>
						<line number="207" hits="1"/>
						<line number="210" hits="1"/>
						<line number="216" hits="1"/>
						<line number="217" hits="1"/>
						<line number="218" hits="1"/>
						<line number="219" hits="1"/>
						<line number="222" hits="1" branch="true" condition-coverage="50% (1/2)" missing-branches="223"/>
						<line number="223" hits="0"/>
					</lines>
				</class>
			</classes>
		</package>
	</packages>
</coverage>
