{"meta": {"format": 3, "version": "7.13.4", "timestamp": "2026-04-22T20:06:09.966816", "branch_coverage": true, "show_contexts": false}, "files": {"booking_engine.py": {"executed_lines": [1, 3, 4, 5, 6, 7, 10, 11, 12, 13, 14, 15, 16, 19, 20, 21, 22, 23, 24, 25, 26, 27, 30, 31, 32, 33, 34, 35, 38, 39, 40, 41, 42, 43, 50, 51, 54, 58, 59, 62, 64, 65, 66, 67, 68, 69, 70, 72, 73, 74, 75, 86, 88, 89, 100, 102, 103, 114, 116, 117, 128, 130, 131, 132, 133, 135, 136, 138, 150, 151, 152, 163, 166, 169, 178, 179, 180, 181, 182, 195, 196, 204, 205, 206, 207, 210, 216, 217, 218, 219, 222], "summary": {"covered_lines": 91, "num_statements": 92, "percent_covered": 98.18181818181819, "percent_covered_display": "98.18", "missing_lines": 1, "excluded_lines": 0, "percent_statements_covered": 98.91304347826087, "percent_statements_covered_display": "98.91", "num_branches": 18, "num_partial_branches": 1, "covered_branches": 17, "missing_branches": 1, "percent_branches_covered": 94.44444444444444, "percent_branches_covered_display": "94.44"}, "missing_lines": [223], "excluded_lines": [], "executed_branches": [[42, 43], [42, 51], [66, 67], [66, 150], [88, 89], [88, 102], [102, 103], [102, 116], [116, 117], [116, 130], [130, 131], [130, 135], [151, 152], [151, 163], [181, -166], [181, 182], [222, -1]], "missing_branches": [[222, 223]], "functions": {"_is_valid_date": {"executed_lines": [31, 32, 33, 34, 35], "summary": {"covered_lines": 5, "num_statements": 5, "percent_covered": 100.0, "percent_covered_display": "100.00", "missing_lines": 0, "excluded_lines": 0, "percent_statements_covered": 100.0, "percent_statements_covered_display": "100.00", "num_branches": 0, "num_partial_branches": 0, "covered_branches": 0, "missing_branches": 0, "percent_branches_covered": 100.0, "percent_branches_covered_display": "100.00"}, "missing_lines": [], "excluded_lines": [], "start_line": 30, "executed_branches": [], "missing_branches": []}, "load_flights": {"executed_lines": [39, 40, 41, 42, 43, 50, 51], "summary": {"covered_lines": 7, "num_statements": 7, "percent_covered": 100.0, "percent_covered_display": "100.00", "missing_lines": 0, "excluded_lines": 0, "percent_statements_covered": 100.0, "percent_statements_covered_display": "100.00", "num_branches": 2, "num_partial_branches": 0, "covered_branches": 2, "missing_branches": 0, "percent_branches_covered": 100.0, "percent_branches_covered_display": "100.00"}, "missing_lines": [], "excluded_lines": [], "start_line": 38, "executed_branches": [[42, 43], [42, 51]], "missing_branches": []}, "process_bookings": {"executed_lines": [58, 59, 62, 64, 65, 66, 67, 68, 69, 70, 72, 73, 74, 75, 86, 88, 89, 100, 102, 103, 114, 116, 117, 128, 130, 131, 132, 133, 135, 136, 138, 150, 151, 152, 163], "summary": {"covered_lines": 35, "num_statements": 35, "percent_covered": 100.0, "percent_covered_display": "100.00", "missing_lines": 0, "excluded_lines": 0, "percent_statements_covered": 100.0, "percent_statements_covered_display": "100.00", "num_branches": 12, "num_partial_branches": 0, "covered_branches": 12, "missing_branches": 0, "percent_branches_covered": 100.0, "percent_branches_covered_display": "100.00"}, "missing_lines": [], "excluded_lines": [], "start_line": 54, "executed_branches": [[66, 67], [66, 150], [88, 89], [88, 102], [102, 103], [102, 116], [116, 117], [116, 130], [130, 131], [130, 135], [151, 152], [151, 163]], "missing_branches": []}, "write_booking_status_report": {"executed_lines": [169, 178, 179, 180, 181, 182], "summary": {"covered_lines": 6, "num_statements": 6, "percent_covered": 100.0, "percent_covered_display": "100.00", "missing_lines": 0, "excluded_lines": 0, "percent_statements_covered": 100.0, "percent_statements_covered_display": "100.00", "num_branches": 2, "num_partial_branches": 0, "covered_branches": 2, "missing_branches": 0, "percent_branches_covered": 100.0, "percent_branches_covered_display": "100.00"}, "missing_lines": [], "excluded_lines": [], "start_line": 166, "executed_branches": [[181, -166], [181, 182]], "missing_branches": []}, "write_flight_seat_summary": {"executed_lines": [196, 204, 205, 206, 207], "summary": {"covered_lines": 5, "num_statements": 5, "percent_covered": 100.0, "percent_covered_display": "100.00", "missing_lines": 0, "excluded_lines": 0, "percent_statements_covered": 100.0, "percent_statements_covered_display": "100.00", "num_branches": 0, "num_partial_branches": 0, "covered_branches": 0, "missing_branches": 0, "percent_branches_covered": 100.0, "percent_branches_covered_display": "100.00"}, "missing_lines": [], "excluded_lines": [], "start_line": 195, "executed_branches": [], "missing_branches": []}, "run_engine": {"executed_lines": [216, 217, 218, 219], "summary": {"covered_lines": 4, "num_statements": 4, "percent_covered": 100.0, "percent_covered_display": "100.00", "missing_lines": 0, "excluded_lines": 0, "percent_statements_covered": 100.0, "percent_statements_covered_display": "100.00", "num_branches": 0, "num_partial_branches": 0, "covered_branches": 0, "missing_branches": 0, "percent_branches_covered": 100.0, "percent_branches_covered_display": "100.00"}, "missing_lines": [], "excluded_lines": [], "start_line": 210, "executed_branches": [], "missing_branches": []}, "": {"executed_lines": [1, 3, 4, 5, 6, 7, 10, 11, 12, 13, 14, 15, 16, 19, 20, 21, 22, 23, 24, 25, 26, 27, 30, 38, 54, 166, 195, 210, 222], "summary": {"covered_lines": 29, "num_statements": 30, "percent_covered": 93.75, "percent_covered_display": "93.75", "missing_lines": 1, "excluded_lines": 0, "percent_statements_covered": 96.66666666666667, "percent_statements_covered_display": "96.67", "num_branches": 2, "num_partial_branches": 1, "covered_branches": 1, "missing_branches": 1, "percent_branches_covered": 50.0, "percent_branches_covered_display": "50.00"}, "missing_lines": [223], "excluded_lines": [], "start_line": 1, "executed_branches": [[222, -1]], "missing_branches": [[222, 223]]}}, "classes": {"FlightRecord": {"executed_lines": [], "summary": {"covered_lines": 0, "num_statements": 0, "percent_covered": 100.0, "percent_covered_display": "100.00", "missing_lines": 0, "excluded_lines": 0, "percent_statements_covered": 100.0, "percent_statements_covered_display": "100.00", "num_branches": 0, "num_partial_branches": 0, "covered_branches": 0, "missing_branches": 0, "percent_branches_covered": 100.0, "percent_branches_covered_display": "100.00"}, "missing_lines": [], "excluded_lines": [], "start_line": 11, "executed_branches": [], "missing_branches": []}, "BookingResult": {"executed_lines": [], "summary": {"covered_lines": 0, "num_statements": 0, "percent_covered": 100.0, "percent_covered_display": "100.00", "missing_lines": 0, "excluded_lines": 0, "percent_statements_covered": 100.0, "percent_statements_covered_display": "100.00", "num_branches": 0, "num_partial_branches": 0, "covered_branches": 0, "missing_branches": 0, "percent_branches_covered": 100.0, "percent_branches_covered_display": "100.00"}, "missing_lines": [], "excluded_lines": [], "start_line": 20, "executed_branches": [], "missing_branches": []}, "": {"executed_lines": [1, 3, 4, 5, 6, 7, 10, 11, 12, 13, 14, 15, 16, 19, 20, 21, 22, 23, 24, 25, 26, 27, 30, 31, 32, 33, 34, 35, 38, 39, 40, 41, 42, 43, 50, 51, 54, 58, 59, 62, 64, 65, 66, 67, 68, 69, 70, 72, 73, 74, 75, 86, 88, 89, 100, 102, 103, 114, 116, 117, 128, 130, 131, 132, 133, 135, 136, 138, 150, 151, 152, 163, 166, 169, 178, 179, 180, 181, 182, 195, 196, 204, 205, 206, 207, 210, 216, 217, 218, 219, 222], "summary": {"covered_lines": 91, "num_statements": 92, "percent_covered": 98.18181818181819, "percent_covered_display": "98.18", "missing_lines": 1, "excluded_lines": 0, "percent_statements_covered": 98.91304347826087, "percent_statements_covered_display": "98.91", "num_branches": 18, "num_partial_branches": 1, "covered_branches": 17, "missing_branches": 1, "percent_branches_covered": 94.44444444444444, "percent_branches_covered_display": "94.44"}, "missing_lines": [223], "excluded_lines": [], "start_line": 1, "executed_branches": [[42, 43], [42, 51], [66, 67], [66, 150], [88, 89], [88, 102], [102, 103], [102, 116], [116, 117], [116, 130], [130, 131], [130, 135], [151, 152], [151, 163], [181, -166], [181, 182], [222, -1]], "missing_branches": [[222, 223]]}}}}, "totals": {"covered_lines": 91, "num_statements": 92, "percent_covered": 98.18181818181819, "percent_covered_display": "98.18", "missing_lines": 1, "excluded_lines": 0, "percent_statements_covered": 98.91304347826087, "percent_statements_covered_display": "98.91", "num_branches": 18, "num_partial_branches": 1, "covered_branches": 17, "missing_branches": 1, "percent_branches_covered": 94.44444444444444, "percent_branches_covered_display": "94.44"}}